<?xml version="1.0" encoding="UTF-8"?>
<!-- Generated by org.testng.reporters.JUnitReportReporter -->
<testsuite hostname="LAPTOP-II42BHRF" failures="0" tests="1" name="project.code" time="5.635" errors="0" timestamp="2024-10-23T00:44:24 IST" skipped="0">
  <testcase classname="project.code" name="testFormFilling" time="5.635"/>
</testsuite> <!-- project.code -->
